2023-09-07T15:04:56.151+07:00  INFO 15136 --- [main] c.i.s.s.S.SpringSecurityApplication      : Starting SpringSecurityApplication using Java 17.0.4.1 with PID 15136 (C:\Users\Theara\Desktop\SpringSecurity\target\classes started by Theara in C:\Users\Theara\Desktop\SpringSecurity)
2023-09-07T15:04:56.153+07:00  INFO 15136 --- [main] c.i.s.s.S.SpringSecurityApplication      : No active profile set, falling back to 1 default profile: "default"
2023-09-07T15:04:57.150+07:00  INFO 15136 --- [main] .s.d.r.c.RepositoryConfigurationDelegate : Bootstrapping Spring Data JPA repositories in DEFAULT mode.
2023-09-07T15:04:57.173+07:00  INFO 15136 --- [main] .s.d.r.c.RepositoryConfigurationDelegate : Finished Spring Data repository scanning in 13 ms. Found 0 JPA repository interfaces.
2023-09-07T15:04:57.775+07:00  INFO 15136 --- [main] o.s.b.w.embedded.tomcat.TomcatWebServer  : Tomcat initialized with port(s): 8888 (http)
2023-09-07T15:04:57.786+07:00  INFO 15136 --- [main] o.apache.catalina.core.StandardService   : Starting service [Tomcat]
2023-09-07T15:04:57.787+07:00  INFO 15136 --- [main] o.apache.catalina.core.StandardEngine    : Starting Servlet engine: [Apache Tomcat/10.1.12]
2023-09-07T15:04:57.896+07:00  INFO 15136 --- [main] o.a.c.c.C.[Tomcat].[localhost].[/]       : Initializing Spring embedded WebApplicationContext
2023-09-07T15:04:57.897+07:00  INFO 15136 --- [main] w.s.c.ServletWebServerApplicationContext : Root WebApplicationContext: initialization completed in 1673 ms
2023-09-07T15:04:57.967+07:00 ERROR 15136 --- [main] com.zaxxer.hikari.HikariConfig           : Failed to load driver class com.mysql.cj.jdbc.Driver from HikariConfig class classloader jdk.internal.loader.ClassLoaders$AppClassLoader@1d44bcfa
2023-09-07T15:04:57.970+07:00  WARN 15136 --- [main] ConfigServletWebServerApplicationContext : Exception encountered during context initialization - cancelling refresh attempt: org.springframework.beans.factory.UnsatisfiedDependencyException: Error creating bean with name 'dataSourceScriptDatabaseInitializer' defined in class path resource [org/springframework/boot/autoconfigure/sql/init/DataSourceInitializationConfiguration.class]: Unsatisfied dependency expressed through method 'dataSourceScriptDatabaseInitializer' parameter 0: Error creating bean with name 'dataSource' defined in class path resource [org/springframework/boot/autoconfigure/jdbc/DataSourceConfiguration$Hikari.class]: Failed to instantiate [com.zaxxer.hikari.HikariDataSource]: Factory method 'dataSource' threw exception with message: Failed to load driver class com.mysql.cj.jdbc.Driver in either of HikariConfig class loader or Thread context classloader
2023-09-07T15:04:57.973+07:00  INFO 15136 --- [main] o.apache.catalina.core.StandardService   : Stopping service [Tomcat]
2023-09-07T15:04:57.993+07:00  INFO 15136 --- [main] .s.b.a.l.ConditionEvaluationReportLogger : 

Error starting ApplicationContext. To display the condition evaluation report re-run your application with 'debug' enabled.
2023-09-07T15:04:58.037+07:00 ERROR 15136 --- [main] o.s.boot.SpringApplication               : Application run failed

org.springframework.beans.factory.UnsatisfiedDependencyException: Error creating bean with name 'dataSourceScriptDatabaseInitializer' defined in class path resource [org/springframework/boot/autoconfigure/sql/init/DataSourceInitializationConfiguration.class]: Unsatisfied dependency expressed through method 'dataSourceScriptDatabaseInitializer' parameter 0: Error creating bean with name 'dataSource' defined in class path resource [org/springframework/boot/autoconfigure/jdbc/DataSourceConfiguration$Hikari.class]: Failed to instantiate [com.zaxxer.hikari.HikariDataSource]: Factory method 'dataSource' threw exception with message: Failed to load driver class com.mysql.cj.jdbc.Driver in either of HikariConfig class loader or Thread context classloader
	at org.springframework.beans.factory.support.ConstructorResolver.createArgumentArray(ConstructorResolver.java:800) ~[spring-beans-6.0.11.jar:6.0.11]
	at org.springframework.beans.factory.support.ConstructorResolver.instantiateUsingFactoryMethod(ConstructorResolver.java:550) ~[spring-beans-6.0.11.jar:6.0.11]
	at org.springframework.beans.factory.support.AbstractAutowireCapableBeanFactory.instantiateUsingFactoryMethod(AbstractAutowireCapableBeanFactory.java:1332) ~[spring-beans-6.0.11.jar:6.0.11]
	at org.springframework.beans.factory.support.AbstractAutowireCapableBeanFactory.createBeanInstance(AbstractAutowireCapableBeanFactory.java:1162) ~[spring-beans-6.0.11.jar:6.0.11]
	at org.springframework.beans.factory.support.AbstractAutowireCapableBeanFactory.doCreateBean(AbstractAutowireCapableBeanFactory.java:560) ~[spring-beans-6.0.11.jar:6.0.11]
	at org.springframework.beans.factory.support.AbstractAutowireCapableBeanFactory.createBean(AbstractAutowireCapableBeanFactory.java:520) ~[spring-beans-6.0.11.jar:6.0.11]
	at org.springframework.beans.factory.support.AbstractBeanFactory.lambda$doGetBean$0(AbstractBeanFactory.java:326) ~[spring-beans-6.0.11.jar:6.0.11]
	at org.springframework.beans.factory.support.DefaultSingletonBeanRegistry.getSingleton(DefaultSingletonBeanRegistry.java:234) ~[spring-beans-6.0.11.jar:6.0.11]
	at org.springframework.beans.factory.support.AbstractBeanFactory.doGetBean(AbstractBeanFactory.java:324) ~[spring-beans-6.0.11.jar:6.0.11]
	at org.springframework.beans.factory.support.AbstractBeanFactory.getBean(AbstractBeanFactory.java:200) ~[spring-beans-6.0.11.jar:6.0.11]
	at org.springframework.beans.factory.support.AbstractBeanFactory.doGetBean(AbstractBeanFactory.java:313) ~[spring-beans-6.0.11.jar:6.0.11]
	at org.springframework.beans.factory.support.AbstractBeanFactory.getBean(AbstractBeanFactory.java:200) ~[spring-beans-6.0.11.jar:6.0.11]
	at org.springframework.context.support.AbstractApplicationContext.getBean(AbstractApplicationContext.java:1155) ~[spring-context-6.0.11.jar:6.0.11]
	at org.springframework.context.support.AbstractApplicationContext.finishBeanFactoryInitialization(AbstractApplicationContext.java:932) ~[spring-context-6.0.11.jar:6.0.11]
	at org.springframework.context.support.AbstractApplicationContext.refresh(AbstractApplicationContext.java:608) ~[spring-context-6.0.11.jar:6.0.11]
	at org.springframework.boot.web.servlet.context.ServletWebServerApplicationContext.refresh(ServletWebServerApplicationContext.java:146) ~[spring-boot-3.1.3.jar:3.1.3]
	at org.springframework.boot.SpringApplication.refresh(SpringApplication.java:734) ~[spring-boot-3.1.3.jar:3.1.3]
	at org.springframework.boot.SpringApplication.refreshContext(SpringApplication.java:436) ~[spring-boot-3.1.3.jar:3.1.3]
	at org.springframework.boot.SpringApplication.run(SpringApplication.java:312) ~[spring-boot-3.1.3.jar:3.1.3]
	at org.springframework.boot.SpringApplication.run(SpringApplication.java:1306) ~[spring-boot-3.1.3.jar:3.1.3]
	at org.springframework.boot.SpringApplication.run(SpringApplication.java:1295) ~[spring-boot-3.1.3.jar:3.1.3]
	at com.intern.spring.security.SpringSecurity.SpringSecurityApplication.main(SpringSecurityApplication.java:10) ~[classes/:na]
Caused by: org.springframework.beans.factory.BeanCreationException: Error creating bean with name 'dataSource' defined in class path resource [org/springframework/boot/autoconfigure/jdbc/DataSourceConfiguration$Hikari.class]: Failed to instantiate [com.zaxxer.hikari.HikariDataSource]: Factory method 'dataSource' threw exception with message: Failed to load driver class com.mysql.cj.jdbc.Driver in either of HikariConfig class loader or Thread context classloader
	at org.springframework.beans.factory.support.ConstructorResolver.instantiate(ConstructorResolver.java:659) ~[spring-beans-6.0.11.jar:6.0.11]
	at org.springframework.beans.factory.support.ConstructorResolver.instantiateUsingFactoryMethod(ConstructorResolver.java:647) ~[spring-beans-6.0.11.jar:6.0.11]
	at org.springframework.beans.factory.support.AbstractAutowireCapableBeanFactory.instantiateUsingFactoryMethod(AbstractAutowireCapableBeanFactory.java:1332) ~[spring-beans-6.0.11.jar:6.0.11]
	at org.springframework.beans.factory.support.AbstractAutowireCapableBeanFactory.createBeanInstance(AbstractAutowireCapableBeanFactory.java:1162) ~[spring-beans-6.0.11.jar:6.0.11]
	at org.springframework.beans.factory.support.AbstractAutowireCapableBeanFactory.doCreateBean(AbstractAutowireCapableBeanFactory.java:560) ~[spring-beans-6.0.11.jar:6.0.11]
	at org.springframework.beans.factory.support.AbstractAutowireCapableBeanFactory.createBean(AbstractAutowireCapableBeanFactory.java:520) ~[spring-beans-6.0.11.jar:6.0.11]
	at org.springframework.beans.factory.support.AbstractBeanFactory.lambda$doGetBean$0(AbstractBeanFactory.java:326) ~[spring-beans-6.0.11.jar:6.0.11]
	at org.springframework.beans.factory.support.DefaultSingletonBeanRegistry.getSingleton(DefaultSingletonBeanRegistry.java:234) ~[spring-beans-6.0.11.jar:6.0.11]
	at org.springframework.beans.factory.support.AbstractBeanFactory.doGetBean(AbstractBeanFactory.java:324) ~[spring-beans-6.0.11.jar:6.0.11]
	at org.springframework.beans.factory.support.AbstractBeanFactory.getBean(AbstractBeanFactory.java:200) ~[spring-beans-6.0.11.jar:6.0.11]
	at org.springframework.beans.factory.config.DependencyDescriptor.resolveCandidate(DependencyDescriptor.java:254) ~[spring-beans-6.0.11.jar:6.0.11]
	at org.springframework.beans.factory.support.DefaultListableBeanFactory.doResolveDependency(DefaultListableBeanFactory.java:1417) ~[spring-beans-6.0.11.jar:6.0.11]
	at org.springframework.beans.factory.support.DefaultListableBeanFactory.resolveDependency(DefaultListableBeanFactory.java:1337) ~[spring-beans-6.0.11.jar:6.0.11]
	at org.springframework.beans.factory.support.ConstructorResolver.resolveAutowiredArgument(ConstructorResolver.java:888) ~[spring-beans-6.0.11.jar:6.0.11]
	at org.springframework.beans.factory.support.ConstructorResolver.createArgumentArray(ConstructorResolver.java:791) ~[spring-beans-6.0.11.jar:6.0.11]
	... 21 common frames omitted
Caused by: org.springframework.beans.BeanInstantiationException: Failed to instantiate [com.zaxxer.hikari.HikariDataSource]: Factory method 'dataSource' threw exception with message: Failed to load driver class com.mysql.cj.jdbc.Driver in either of HikariConfig class loader or Thread context classloader
	at org.springframework.beans.factory.support.SimpleInstantiationStrategy.instantiate(SimpleInstantiationStrategy.java:171) ~[spring-beans-6.0.11.jar:6.0.11]
	at org.springframework.beans.factory.support.ConstructorResolver.instantiate(ConstructorResolver.java:655) ~[spring-beans-6.0.11.jar:6.0.11]
	... 35 common frames omitted
Caused by: java.lang.RuntimeException: Failed to load driver class com.mysql.cj.jdbc.Driver in either of HikariConfig class loader or Thread context classloader
	at com.zaxxer.hikari.HikariConfig.setDriverClassName(HikariConfig.java:488) ~[HikariCP-5.0.1.jar:na]
	at org.springframework.boot.jdbc.DataSourceBuilder$MappedDataSourceProperty.set(DataSourceBuilder.java:479) ~[spring-boot-3.1.3.jar:3.1.3]
	at org.springframework.boot.jdbc.DataSourceBuilder$MappedDataSourceProperties.set(DataSourceBuilder.java:373) ~[spring-boot-3.1.3.jar:3.1.3]
	at org.springframework.boot.jdbc.DataSourceBuilder.build(DataSourceBuilder.java:183) ~[spring-boot-3.1.3.jar:3.1.3]
	at org.springframework.boot.autoconfigure.jdbc.DataSourceConfiguration.createDataSource(DataSourceConfiguration.java:59) ~[spring-boot-autoconfigure-3.1.3.jar:3.1.3]
	at org.springframework.boot.autoconfigure.jdbc.DataSourceConfiguration$Hikari.dataSource(DataSourceConfiguration.java:117) ~[spring-boot-autoconfigure-3.1.3.jar:3.1.3]
	at java.base/jdk.internal.reflect.NativeMethodAccessorImpl.invoke0(Native Method) ~[na:na]
	at java.base/jdk.internal.reflect.NativeMethodAccessorImpl.invoke(NativeMethodAccessorImpl.java:77) ~[na:na]
	at java.base/jdk.internal.reflect.DelegatingMethodAccessorImpl.invoke(DelegatingMethodAccessorImpl.java:43) ~[na:na]
	at java.base/java.lang.reflect.Method.invoke(Method.java:568) ~[na:na]
	at org.springframework.beans.factory.support.SimpleInstantiationStrategy.instantiate(SimpleInstantiationStrategy.java:139) ~[spring-beans-6.0.11.jar:6.0.11]
	... 36 common frames omitted

2023-09-07T15:29:42.123+07:00  INFO 2092 --- [main] c.i.s.s.S.SpringSecurityApplication      : Starting SpringSecurityApplication using Java 17.0.4.1 with PID 2092 (C:\Users\Theara\Desktop\SpringSecurity\target\classes started by Theara in C:\Users\Theara\Desktop\SpringSecurity)
2023-09-07T15:29:42.127+07:00  INFO 2092 --- [main] c.i.s.s.S.SpringSecurityApplication      : No active profile set, falling back to 1 default profile: "default"
2023-09-07T15:29:43.149+07:00  INFO 2092 --- [main] .s.d.r.c.RepositoryConfigurationDelegate : Bootstrapping Spring Data JPA repositories in DEFAULT mode.
2023-09-07T15:29:43.177+07:00  INFO 2092 --- [main] .s.d.r.c.RepositoryConfigurationDelegate : Finished Spring Data repository scanning in 16 ms. Found 0 JPA repository interfaces.
2023-09-07T15:29:43.902+07:00  INFO 2092 --- [main] o.s.b.w.embedded.tomcat.TomcatWebServer  : Tomcat initialized with port(s): 8888 (http)
2023-09-07T15:29:43.914+07:00  INFO 2092 --- [main] o.apache.catalina.core.StandardService   : Starting service [Tomcat]
2023-09-07T15:29:43.915+07:00  INFO 2092 --- [main] o.apache.catalina.core.StandardEngine    : Starting Servlet engine: [Apache Tomcat/10.1.12]
2023-09-07T15:29:44.033+07:00  INFO 2092 --- [main] o.a.c.c.C.[Tomcat].[localhost].[/]       : Initializing Spring embedded WebApplicationContext
2023-09-07T15:29:44.033+07:00  INFO 2092 --- [main] w.s.c.ServletWebServerApplicationContext : Root WebApplicationContext: initialization completed in 1824 ms
2023-09-07T15:29:44.879+07:00  INFO 2092 --- [main] o.s.o.j.p.SpringPersistenceUnitInfo      : No LoadTimeWeaver setup: ignoring JPA class transformer
2023-09-07T15:29:44.905+07:00  INFO 2092 --- [main] com.zaxxer.hikari.HikariDataSource       : HikariPool-1 - Starting...
2023-09-07T15:29:45.349+07:00  INFO 2092 --- [main] com.zaxxer.hikari.pool.HikariPool        : HikariPool-1 - Added connection com.mysql.cj.jdbc.ConnectionImpl@984de01
2023-09-07T15:29:45.352+07:00  INFO 2092 --- [main] com.zaxxer.hikari.HikariDataSource       : HikariPool-1 - Start completed.
2023-09-07T15:29:46.023+07:00  INFO 2092 --- [main] j.LocalContainerEntityManagerFactoryBean : Initialized JPA EntityManagerFactory for persistence unit 'default'
2023-09-07T15:29:46.082+07:00  WARN 2092 --- [main] JpaBaseConfiguration$JpaWebConfiguration : spring.jpa.open-in-view is enabled by default. Therefore, database queries may be performed during view rendering. Explicitly configure spring.jpa.open-in-view to disable this warning
2023-09-07T15:29:46.109+07:00  WARN 2092 --- [main] .s.s.UserDetailsServiceAutoConfiguration : 

Using generated security password: c5a7c775-dd50-491a-82b7-96c201352f4e

This generated password is for development use only. Your security configuration must be updated before running your application in production.

2023-09-07T15:29:46.255+07:00  INFO 2092 --- [main] o.s.s.web.DefaultSecurityFilterChain     : Will secure any request with [org.springframework.security.web.session.DisableEncodeUrlFilter@1c0680b0, org.springframework.security.web.context.request.async.WebAsyncManagerIntegrationFilter@2f3cd727, org.springframework.security.web.context.SecurityContextHolderFilter@26888c31, org.springframework.security.web.header.HeaderWriterFilter@3d57fb9e, org.springframework.security.web.authentication.logout.LogoutFilter@5831989d, org.springframework.security.web.authentication.UsernamePasswordAuthenticationFilter@4c164f81, org.springframework.security.web.authentication.ui.DefaultLoginPageGeneratingFilter@5d22ed6c, org.springframework.security.web.authentication.ui.DefaultLogoutPageGeneratingFilter@1af82ba8, org.springframework.security.web.savedrequest.RequestCacheAwareFilter@7a021f49, org.springframework.security.web.servletapi.SecurityContextHolderAwareRequestFilter@2411b935, org.springframework.security.web.authentication.AnonymousAuthenticationFilter@703cb756, org.springframework.security.web.access.ExceptionTranslationFilter@771cbd13, org.springframework.security.web.access.intercept.AuthorizationFilter@3b42b729]
2023-09-07T15:29:46.815+07:00  INFO 2092 --- [main] o.s.b.w.embedded.tomcat.TomcatWebServer  : Tomcat started on port(s): 8888 (http) with context path ''
2023-09-07T15:29:46.825+07:00  INFO 2092 --- [main] c.i.s.s.S.SpringSecurityApplication      : Started SpringSecurityApplication in 5.594 seconds (process running for 6.722)
2023-09-07T16:07:03.518+07:00  INFO 2092 --- [SpringApplicationShutdownHook] j.LocalContainerEntityManagerFactoryBean : Closing JPA EntityManagerFactory for persistence unit 'default'
2023-09-07T16:07:03.522+07:00  INFO 2092 --- [SpringApplicationShutdownHook] com.zaxxer.hikari.HikariDataSource       : HikariPool-1 - Shutdown initiated...
2023-09-07T16:07:03.535+07:00  INFO 2092 --- [SpringApplicationShutdownHook] com.zaxxer.hikari.HikariDataSource       : HikariPool-1 - Shutdown completed.
2023-09-07T16:07:14.889+07:00  INFO 1908 --- [main] c.i.s.s.S.SpringSecurityApplication      : Starting SpringSecurityApplication using Java 17.0.4.1 with PID 1908 (C:\Users\Theara\Desktop\SpringSecurity\target\classes started by Theara in C:\Users\Theara\Desktop\SpringSecurity)
2023-09-07T16:07:14.893+07:00  INFO 1908 --- [main] c.i.s.s.S.SpringSecurityApplication      : No active profile set, falling back to 1 default profile: "default"
2023-09-07T16:07:16.188+07:00  INFO 1908 --- [main] .s.d.r.c.RepositoryConfigurationDelegate : Bootstrapping Spring Data JPA repositories in DEFAULT mode.
2023-09-07T16:07:16.233+07:00  INFO 1908 --- [main] .s.d.r.c.RepositoryConfigurationDelegate : Finished Spring Data repository scanning in 29 ms. Found 0 JPA repository interfaces.
2023-09-07T16:07:17.248+07:00  INFO 1908 --- [main] o.s.b.w.embedded.tomcat.TomcatWebServer  : Tomcat initialized with port(s): 8888 (http)
2023-09-07T16:07:17.356+07:00  INFO 1908 --- [main] o.apache.catalina.core.StandardService   : Starting service [Tomcat]
2023-09-07T16:07:17.357+07:00  INFO 1908 --- [main] o.apache.catalina.core.StandardEngine    : Starting Servlet engine: [Apache Tomcat/10.1.12]
2023-09-07T16:07:17.565+07:00  INFO 1908 --- [main] o.a.c.c.C.[Tomcat].[localhost].[/]       : Initializing Spring embedded WebApplicationContext
2023-09-07T16:07:17.565+07:00  INFO 1908 --- [main] w.s.c.ServletWebServerApplicationContext : Root WebApplicationContext: initialization completed in 2562 ms
2023-09-07T16:07:18.499+07:00  INFO 1908 --- [main] o.s.o.j.p.SpringPersistenceUnitInfo      : No LoadTimeWeaver setup: ignoring JPA class transformer
2023-09-07T16:07:18.558+07:00  INFO 1908 --- [main] com.zaxxer.hikari.HikariDataSource       : HikariPool-1 - Starting...
2023-09-07T16:07:19.106+07:00  INFO 1908 --- [main] com.zaxxer.hikari.pool.HikariPool        : HikariPool-1 - Added connection com.mysql.cj.jdbc.ConnectionImpl@4cc26df
2023-09-07T16:07:19.109+07:00  INFO 1908 --- [main] com.zaxxer.hikari.HikariDataSource       : HikariPool-1 - Start completed.
2023-09-07T16:07:21.396+07:00  INFO 1908 --- [main] j.LocalContainerEntityManagerFactoryBean : Initialized JPA EntityManagerFactory for persistence unit 'default'
2023-09-07T16:07:21.468+07:00  WARN 1908 --- [main] JpaBaseConfiguration$JpaWebConfiguration : spring.jpa.open-in-view is enabled by default. Therefore, database queries may be performed during view rendering. Explicitly configure spring.jpa.open-in-view to disable this warning
2023-09-07T16:07:21.686+07:00  INFO 1908 --- [main] o.s.s.web.DefaultSecurityFilterChain     : Will secure any request with [org.springframework.security.web.session.DisableEncodeUrlFilter@7a2ffb0b, org.springframework.security.web.context.request.async.WebAsyncManagerIntegrationFilter@13cae908, org.springframework.security.web.context.SecurityContextHolderFilter@3f2d2f22, org.springframework.security.web.header.HeaderWriterFilter@15c96f24, org.springframework.security.web.authentication.logout.LogoutFilter@7e7987b8, org.springframework.security.web.authentication.www.BasicAuthenticationFilter@5c46a957, org.springframework.security.web.savedrequest.RequestCacheAwareFilter@4bc9389, org.springframework.security.web.servletapi.SecurityContextHolderAwareRequestFilter@79e15c4a, org.springframework.security.web.authentication.AnonymousAuthenticationFilter@43b74979, org.springframework.security.web.access.ExceptionTranslationFilter@5b29d699, org.springframework.security.web.access.intercept.AuthorizationFilter@f7b7720]
2023-09-07T16:07:21.707+07:00  WARN 1908 --- [main] ConfigServletWebServerApplicationContext : Exception encountered during context initialization - cancelling refresh attempt: org.springframework.beans.factory.UnsatisfiedDependencyException: Error creating bean with name 'filterChain' defined in class path resource [com/intern/spring/security/SpringSecurity/config/SecurityConfig.class]: Unsatisfied dependency expressed through method 'filterChain' parameter 0: No qualifying bean of type 'org.springframework.security.core.userdetails.UserDetailsService' available: expected at least 1 bean which qualifies as autowire candidate. Dependency annotations: {}
2023-09-07T16:07:21.708+07:00  INFO 1908 --- [main] j.LocalContainerEntityManagerFactoryBean : Closing JPA EntityManagerFactory for persistence unit 'default'
2023-09-07T16:07:21.712+07:00  INFO 1908 --- [main] com.zaxxer.hikari.HikariDataSource       : HikariPool-1 - Shutdown initiated...
2023-09-07T16:07:21.728+07:00  INFO 1908 --- [main] com.zaxxer.hikari.HikariDataSource       : HikariPool-1 - Shutdown completed.
2023-09-07T16:07:21.731+07:00  INFO 1908 --- [main] o.apache.catalina.core.StandardService   : Stopping service [Tomcat]
2023-09-07T16:07:21.750+07:00  INFO 1908 --- [main] .s.b.a.l.ConditionEvaluationReportLogger : 

Error starting ApplicationContext. To display the condition evaluation report re-run your application with 'debug' enabled.
2023-09-07T16:07:21.799+07:00 ERROR 1908 --- [main] o.s.b.d.LoggingFailureAnalysisReporter   : 

***************************
APPLICATION FAILED TO START
***************************

Description:

Parameter 0 of method filterChain in com.intern.spring.security.SpringSecurity.config.SecurityConfig required a bean of type 'org.springframework.security.core.userdetails.UserDetailsService' that could not be found.


Action:

Consider defining a bean of type 'org.springframework.security.core.userdetails.UserDetailsService' in your configuration.

2023-09-07T16:09:20.087+07:00  INFO 14000 --- [main] c.i.s.s.S.SpringSecurityApplication      : Starting SpringSecurityApplication using Java 17.0.4.1 with PID 14000 (C:\Users\Theara\Desktop\SpringSecurity\target\classes started by Theara in C:\Users\Theara\Desktop\SpringSecurity)
2023-09-07T16:09:20.091+07:00  INFO 14000 --- [main] c.i.s.s.S.SpringSecurityApplication      : No active profile set, falling back to 1 default profile: "default"
2023-09-07T16:09:21.268+07:00  INFO 14000 --- [main] .s.d.r.c.RepositoryConfigurationDelegate : Bootstrapping Spring Data JPA repositories in DEFAULT mode.
2023-09-07T16:09:21.308+07:00  INFO 14000 --- [main] .s.d.r.c.RepositoryConfigurationDelegate : Finished Spring Data repository scanning in 24 ms. Found 0 JPA repository interfaces.
2023-09-07T16:09:22.160+07:00  INFO 14000 --- [main] o.s.b.w.embedded.tomcat.TomcatWebServer  : Tomcat initialized with port(s): 8888 (http)
2023-09-07T16:09:22.174+07:00  INFO 14000 --- [main] o.apache.catalina.core.StandardService   : Starting service [Tomcat]
2023-09-07T16:09:22.174+07:00  INFO 14000 --- [main] o.apache.catalina.core.StandardEngine    : Starting Servlet engine: [Apache Tomcat/10.1.12]
2023-09-07T16:09:22.299+07:00  INFO 14000 --- [main] o.a.c.c.C.[Tomcat].[localhost].[/]       : Initializing Spring embedded WebApplicationContext
2023-09-07T16:09:22.299+07:00  INFO 14000 --- [main] w.s.c.ServletWebServerApplicationContext : Root WebApplicationContext: initialization completed in 2125 ms
2023-09-07T16:09:22.966+07:00  INFO 14000 --- [main] o.s.o.j.p.SpringPersistenceUnitInfo      : No LoadTimeWeaver setup: ignoring JPA class transformer
2023-09-07T16:09:22.987+07:00  INFO 14000 --- [main] com.zaxxer.hikari.HikariDataSource       : HikariPool-1 - Starting...
2023-09-07T16:09:23.422+07:00  INFO 14000 --- [main] com.zaxxer.hikari.pool.HikariPool        : HikariPool-1 - Added connection com.mysql.cj.jdbc.ConnectionImpl@636dbfe7
2023-09-07T16:09:23.426+07:00  INFO 14000 --- [main] com.zaxxer.hikari.HikariDataSource       : HikariPool-1 - Start completed.
2023-09-07T16:09:25.146+07:00  INFO 14000 --- [main] j.LocalContainerEntityManagerFactoryBean : Initialized JPA EntityManagerFactory for persistence unit 'default'
2023-09-07T16:09:25.216+07:00  WARN 14000 --- [main] JpaBaseConfiguration$JpaWebConfiguration : spring.jpa.open-in-view is enabled by default. Therefore, database queries may be performed during view rendering. Explicitly configure spring.jpa.open-in-view to disable this warning
2023-09-07T16:09:25.248+07:00  WARN 14000 --- [main] .s.s.UserDetailsServiceAutoConfiguration : 

Using generated security password: f85cce3e-623d-41dd-863a-a92f916e4609

This generated password is for development use only. Your security configuration must be updated before running your application in production.

2023-09-07T16:09:25.432+07:00  INFO 14000 --- [main] o.s.s.web.DefaultSecurityFilterChain     : Will secure any request with [org.springframework.security.web.session.DisableEncodeUrlFilter@7b43f95c, org.springframework.security.web.context.request.async.WebAsyncManagerIntegrationFilter@311453ab, org.springframework.security.web.context.SecurityContextHolderFilter@1c65ec63, org.springframework.security.web.header.HeaderWriterFilter@2643ed03, org.springframework.security.web.authentication.logout.LogoutFilter@17541204, org.springframework.security.web.authentication.www.BasicAuthenticationFilter@2e1c8027, org.springframework.security.web.savedrequest.RequestCacheAwareFilter@10f192d8, org.springframework.security.web.servletapi.SecurityContextHolderAwareRequestFilter@3c205259, org.springframework.security.web.authentication.AnonymousAuthenticationFilter@7ef3aa21, org.springframework.security.web.access.ExceptionTranslationFilter@782e0844, org.springframework.security.web.access.intercept.AuthorizationFilter@67376bae]
2023-09-07T16:09:25.977+07:00  INFO 14000 --- [main] o.s.b.w.embedded.tomcat.TomcatWebServer  : Tomcat started on port(s): 8888 (http) with context path ''
2023-09-07T16:09:25.989+07:00  INFO 14000 --- [main] c.i.s.s.S.SpringSecurityApplication      : Started SpringSecurityApplication in 6.788 seconds (process running for 7.973)
2023-09-07T16:10:06.960+07:00  INFO 14000 --- [http-nio-8888-exec-1] o.a.c.c.C.[Tomcat].[localhost].[/]       : Initializing Spring DispatcherServlet 'dispatcherServlet'
2023-09-07T16:10:06.961+07:00  INFO 14000 --- [http-nio-8888-exec-1] o.s.web.servlet.DispatcherServlet        : Initializing Servlet 'dispatcherServlet'
2023-09-07T16:10:06.964+07:00  INFO 14000 --- [http-nio-8888-exec-1] o.s.web.servlet.DispatcherServlet        : Completed initialization in 3 ms
2023-09-07T16:10:31.648+07:00  INFO 14000 --- [SpringApplicationShutdownHook] j.LocalContainerEntityManagerFactoryBean : Closing JPA EntityManagerFactory for persistence unit 'default'
2023-09-07T16:10:31.650+07:00  INFO 14000 --- [SpringApplicationShutdownHook] com.zaxxer.hikari.HikariDataSource       : HikariPool-1 - Shutdown initiated...
2023-09-07T16:10:31.663+07:00  INFO 14000 --- [SpringApplicationShutdownHook] com.zaxxer.hikari.HikariDataSource       : HikariPool-1 - Shutdown completed.
2023-09-07T16:10:40.703+07:00  INFO 7772 --- [main] c.i.s.s.S.SpringSecurityApplication      : Starting SpringSecurityApplication using Java 17.0.4.1 with PID 7772 (C:\Users\Theara\Desktop\SpringSecurity\target\classes started by Theara in C:\Users\Theara\Desktop\SpringSecurity)
2023-09-07T16:10:40.707+07:00  INFO 7772 --- [main] c.i.s.s.S.SpringSecurityApplication      : No active profile set, falling back to 1 default profile: "default"
2023-09-07T16:10:41.983+07:00  INFO 7772 --- [main] .s.d.r.c.RepositoryConfigurationDelegate : Bootstrapping Spring Data JPA repositories in DEFAULT mode.
2023-09-07T16:10:42.049+07:00  INFO 7772 --- [main] .s.d.r.c.RepositoryConfigurationDelegate : Finished Spring Data repository scanning in 49 ms. Found 0 JPA repository interfaces.
2023-09-07T16:10:43.071+07:00  INFO 7772 --- [main] o.s.b.w.embedded.tomcat.TomcatWebServer  : Tomcat initialized with port(s): 8888 (http)
2023-09-07T16:10:43.087+07:00  INFO 7772 --- [main] o.apache.catalina.core.StandardService   : Starting service [Tomcat]
2023-09-07T16:10:43.087+07:00  INFO 7772 --- [main] o.apache.catalina.core.StandardEngine    : Starting Servlet engine: [Apache Tomcat/10.1.12]
2023-09-07T16:10:43.234+07:00  INFO 7772 --- [main] o.a.c.c.C.[Tomcat].[localhost].[/]       : Initializing Spring embedded WebApplicationContext
2023-09-07T16:10:43.235+07:00  INFO 7772 --- [main] w.s.c.ServletWebServerApplicationContext : Root WebApplicationContext: initialization completed in 2431 ms
2023-09-07T16:10:44.084+07:00  INFO 7772 --- [main] o.s.o.j.p.SpringPersistenceUnitInfo      : No LoadTimeWeaver setup: ignoring JPA class transformer
2023-09-07T16:10:44.106+07:00  INFO 7772 --- [main] com.zaxxer.hikari.HikariDataSource       : HikariPool-1 - Starting...
2023-09-07T16:10:44.575+07:00  INFO 7772 --- [main] com.zaxxer.hikari.pool.HikariPool        : HikariPool-1 - Added connection com.mysql.cj.jdbc.ConnectionImpl@2913ca3e
2023-09-07T16:10:44.579+07:00  INFO 7772 --- [main] com.zaxxer.hikari.HikariDataSource       : HikariPool-1 - Start completed.
2023-09-07T16:10:46.518+07:00  INFO 7772 --- [main] j.LocalContainerEntityManagerFactoryBean : Initialized JPA EntityManagerFactory for persistence unit 'default'
2023-09-07T16:10:46.603+07:00  WARN 7772 --- [main] JpaBaseConfiguration$JpaWebConfiguration : spring.jpa.open-in-view is enabled by default. Therefore, database queries may be performed during view rendering. Explicitly configure spring.jpa.open-in-view to disable this warning
2023-09-07T16:10:46.827+07:00  INFO 7772 --- [main] o.s.s.web.DefaultSecurityFilterChain     : Will secure any request with [org.springframework.security.web.session.DisableEncodeUrlFilter@2643ed03, org.springframework.security.web.context.request.async.WebAsyncManagerIntegrationFilter@17d45cfb, org.springframework.security.web.context.SecurityContextHolderFilter@464abed, org.springframework.security.web.header.HeaderWriterFilter@6c4e486e, org.springframework.security.web.authentication.logout.LogoutFilter@270ab7bc, org.springframework.security.web.authentication.www.BasicAuthenticationFilter@4d7f9b33, org.springframework.security.web.savedrequest.RequestCacheAwareFilter@5c46a957, org.springframework.security.web.servletapi.SecurityContextHolderAwareRequestFilter@13cae908, org.springframework.security.web.authentication.AnonymousAuthenticationFilter@1fb00a6d, org.springframework.security.web.access.ExceptionTranslationFilter@43b7bd5a, org.springframework.security.web.access.intercept.AuthorizationFilter@4acdf6e7]
2023-09-07T16:10:47.473+07:00  INFO 7772 --- [main] o.s.b.w.embedded.tomcat.TomcatWebServer  : Tomcat started on port(s): 8888 (http) with context path ''
2023-09-07T16:10:47.490+07:00  INFO 7772 --- [main] c.i.s.s.S.SpringSecurityApplication      : Started SpringSecurityApplication in 7.697 seconds (process running for 9.081)
2023-09-07T16:10:51.974+07:00  INFO 7772 --- [http-nio-8888-exec-3] o.a.c.c.C.[Tomcat].[localhost].[/]       : Initializing Spring DispatcherServlet 'dispatcherServlet'
2023-09-07T16:10:51.975+07:00  INFO 7772 --- [http-nio-8888-exec-3] o.s.web.servlet.DispatcherServlet        : Initializing Servlet 'dispatcherServlet'
2023-09-07T16:10:51.976+07:00  INFO 7772 --- [http-nio-8888-exec-3] o.s.web.servlet.DispatcherServlet        : Completed initialization in 1 ms
2023-09-07T16:20:55.669+07:00  INFO 7772 --- [SpringApplicationShutdownHook] j.LocalContainerEntityManagerFactoryBean : Closing JPA EntityManagerFactory for persistence unit 'default'
2023-09-07T16:20:55.672+07:00  INFO 7772 --- [SpringApplicationShutdownHook] com.zaxxer.hikari.HikariDataSource       : HikariPool-1 - Shutdown initiated...
2023-09-07T16:20:55.682+07:00  INFO 7772 --- [SpringApplicationShutdownHook] com.zaxxer.hikari.HikariDataSource       : HikariPool-1 - Shutdown completed.
